\BOOKMARK [0][-]{titelblad.0}{Titelblad}{}% 1
\BOOKMARK [0][-]{indhold.0}{Indholdsfortegnelse}{}% 2
\BOOKMARK [0][-]{chapter.1}{Indledning}{}% 3
\BOOKMARK [0][-]{chapter.2}{Projektbeskrivelse}{}% 4
\BOOKMARK [1][-]{section.2.1}{Problemanalyse}{chapter.2}% 5
\BOOKMARK [1][-]{section.2.2}{Problemformulering}{chapter.2}% 6
\BOOKMARK [1][-]{section.2.3}{Projektafgr\346nsning}{chapter.2}% 7
\BOOKMARK [1][-]{section.2.4}{Metode}{chapter.2}% 8
\BOOKMARK [0][-]{chapter.3}{Kravspecifikation}{}% 9
\BOOKMARK [1][-]{section.3.1}{Indledning}{chapter.3}% 10
\BOOKMARK [1][-]{section.3.2}{Versionshistorik}{chapter.3}% 11
\BOOKMARK [0][-]{chapter.4}{Klimaaftaler}{}% 12
\BOOKMARK [1][-]{section.4.1}{Kyoto-aftalen}{chapter.4}% 13
\BOOKMARK [2][-]{subsection.4.1.1}{Kvoter}{section.4.1}% 14
\BOOKMARK [2][-]{subsection.4.1.2}{Kritik af aftalen}{section.4.1}% 15
\BOOKMARK [1][-]{section.4.2}{Ny global aftale}{chapter.4}% 16
\BOOKMARK [2][-]{subsection.4.2.1}{Forpligtelser}{section.4.2}% 17
\BOOKMARK [2][-]{subsection.4.2.2}{Forhandlingerne efter COP19}{section.4.2}% 18
\BOOKMARK [0][-]{chapter.5}{Screening af virkemidler}{}% 19
\BOOKMARK [0][-]{chapter.6}{Energiberegning}{}% 20
\BOOKMARK [1][-]{section.6.1}{Gradd\370gnsmetoden}{chapter.6}% 21
\BOOKMARK [0][-]{chapter.7}{St\345lmateriale}{}% 22
\BOOKMARK [1][-]{section.7.1}{Fremstilling}{chapter.7}% 23
\BOOKMARK [1][-]{section.7.2}{Egenskaber}{chapter.7}% 24
\BOOKMARK [2][-]{subsection.7.2.1}{Arbejdskurve}{section.7.2}% 25
\BOOKMARK [0][-]{chapter.8}{Konklusion}{}% 26
\BOOKMARK [0][-]{appendiks.0}{Appendiks}{}% 27
\BOOKMARK [0][-]{appendix.A}{Casehus}{}% 28
